<?xml version="1.0" encoding="UTF-8"?>
<testsuite xmlns:xsi="http://www.w3.org/2001/XMLSchema-instance" xsi:noNamespaceSchemaLocation="https://maven.apache.org/surefire/maven-surefire-plugin/xsd/surefire-test-report-3.0.xsd" version="3.0" name="TestSuite" time="61.62" tests="2" errors="0" skipped="0" failures="1">
  <properties>
    <property name="sun.desktop" value="windows"/>
    <property name="awt.toolkit" value="sun.awt.windows.WToolkit"/>
    <property name="java.specification.version" value="11"/>
    <property name="sun.cpu.isalist" value="amd64"/>
    <property name="sun.jnu.encoding" value="Cp1252"/>
    <property name="java.class.path" value="C:\Users\Rashed\source\AutomationWithJava\javaProjects\EasterBunnyCard\target\test-classes;C:\Users\Rashed\source\AutomationWithJava\javaProjects\EasterBunnyCard\target\classes;C:\Users\Rashed\.m2\repository\io\cucumber\cucumber-java\6.4.0\cucumber-java-6.4.0.jar;C:\Users\Rashed\.m2\repository\io\cucumber\cucumber-core\6.4.0\cucumber-core-6.4.0.jar;C:\Users\Rashed\.m2\repository\io\cucumber\cucumber-gherkin\6.4.0\cucumber-gherkin-6.4.0.jar;C:\Users\Rashed\.m2\repository\io\cucumber\cucumber-gherkin-messages\6.4.0\cucumber-gherkin-messages-6.4.0.jar;C:\Users\Rashed\.m2\repository\io\cucumber\messages\12.4.0\messages-12.4.0.jar;C:\Users\Rashed\.m2\repository\io\cucumber\tag-expressions\3.0.0\tag-expressions-3.0.0.jar;C:\Users\Rashed\.m2\repository\io\cucumber\cucumber-expressions\10.2.2\cucumber-expressions-10.2.2.jar;C:\Users\Rashed\.m2\repository\io\cucumber\datatable\3.3.1\datatable-3.3.1.jar;C:\Users\Rashed\.m2\repository\io\cucumber\cucumber-plugin\6.4.0\cucumber-plugin-6.4.0.jar;C:\Users\Rashed\.m2\repository\io\cucumber\docstring\6.4.0\docstring-6.4.0.jar;C:\Users\Rashed\.m2\repository\io\cucumber\html-formatter\7.2.0\html-formatter-7.2.0.jar;C:\Users\Rashed\.m2\repository\io\cucumber\create-meta\1.1.0\create-meta-1.1.0.jar;C:\Users\Rashed\.m2\repository\org\apiguardian\apiguardian-api\1.1.0\apiguardian-api-1.1.0.jar;C:\Users\Rashed\.m2\repository\io\cucumber\cucumber-testng\6.4.0\cucumber-testng-6.4.0.jar;C:\Users\Rashed\.m2\repository\io\cucumber\cucumber-picocontainer\6.4.0\cucumber-picocontainer-6.4.0.jar;C:\Users\Rashed\.m2\repository\org\picocontainer\picocontainer\2.15\picocontainer-2.15.jar;C:\Users\Rashed\.m2\repository\org\testng\testng\7.3.0\testng-7.3.0.jar;C:\Users\Rashed\.m2\repository\com\beust\jcommander\1.78\jcommander-1.78.jar;C:\Users\Rashed\.m2\repository\org\apache\ant\ant\1.10.3\ant-1.10.3.jar;C:\Users\Rashed\.m2\repository\org\apache\ant\ant-launcher\1.10.3\ant-launcher-1.10.3.jar;C:\Users\Rashed\.m2\repository\junit\junit\4.12\junit-4.12.jar;C:\Users\Rashed\.m2\repository\org\hamcrest\hamcrest-core\1.3\hamcrest-core-1.3.jar;C:\Users\Rashed\.m2\repository\com\google\inject\guice\4.2.2\guice-4.2.2-no_aop.jar;C:\Users\Rashed\.m2\repository\javax\inject\javax.inject\1\javax.inject-1.jar;C:\Users\Rashed\.m2\repository\aopalliance\aopalliance\1.0\aopalliance-1.0.jar;C:\Users\Rashed\.m2\repository\org\yaml\snakeyaml\1.21\snakeyaml-1.21.jar;C:\Users\Rashed\.m2\repository\org\seleniumhq\selenium\selenium-java\3.141.59\selenium-java-3.141.59.jar;C:\Users\Rashed\.m2\repository\org\seleniumhq\selenium\selenium-api\3.141.59\selenium-api-3.141.59.jar;C:\Users\Rashed\.m2\repository\org\seleniumhq\selenium\selenium-chrome-driver\3.141.59\selenium-chrome-driver-3.141.59.jar;C:\Users\Rashed\.m2\repository\org\seleniumhq\selenium\selenium-edge-driver\3.141.59\selenium-edge-driver-3.141.59.jar;C:\Users\Rashed\.m2\repository\org\seleniumhq\selenium\selenium-firefox-driver\3.141.59\selenium-firefox-driver-3.141.59.jar;C:\Users\Rashed\.m2\repository\org\seleniumhq\selenium\selenium-ie-driver\3.141.59\selenium-ie-driver-3.141.59.jar;C:\Users\Rashed\.m2\repository\org\seleniumhq\selenium\selenium-opera-driver\3.141.59\selenium-opera-driver-3.141.59.jar;C:\Users\Rashed\.m2\repository\org\seleniumhq\selenium\selenium-remote-driver\3.141.59\selenium-remote-driver-3.141.59.jar;C:\Users\Rashed\.m2\repository\org\seleniumhq\selenium\selenium-safari-driver\3.141.59\selenium-safari-driver-3.141.59.jar;C:\Users\Rashed\.m2\repository\org\seleniumhq\selenium\selenium-support\3.141.59\selenium-support-3.141.59.jar;C:\Users\Rashed\.m2\repository\net\bytebuddy\byte-buddy\1.8.15\byte-buddy-1.8.15.jar;C:\Users\Rashed\.m2\repository\org\apache\commons\commons-exec\1.3\commons-exec-1.3.jar;C:\Users\Rashed\.m2\repository\com\google\guava\guava\25.0-jre\guava-25.0-jre.jar;C:\Users\Rashed\.m2\repository\com\google\code\findbugs\jsr305\1.3.9\jsr305-1.3.9.jar;C:\Users\Rashed\.m2\repository\org\checkerframework\checker-compat-qual\2.0.0\checker-compat-qual-2.0.0.jar;C:\Users\Rashed\.m2\repository\com\google\errorprone\error_prone_annotations\2.1.3\error_prone_annotations-2.1.3.jar;C:\Users\Rashed\.m2\repository\com\google\j2objc\j2objc-annotations\1.1\j2objc-annotations-1.1.jar;C:\Users\Rashed\.m2\repository\org\codehaus\mojo\animal-sniffer-annotations\1.14\animal-sniffer-annotations-1.14.jar;C:\Users\Rashed\.m2\repository\com\squareup\okhttp3\okhttp\3.11.0\okhttp-3.11.0.jar;C:\Users\Rashed\.m2\repository\com\squareup\okio\okio\1.14.0\okio-1.14.0.jar;"/>
    <property name="java.vm.vendor" value="Oracle Corporation"/>
    <property name="sun.arch.data.model" value="64"/>
    <property name="user.variant" value=""/>
    <property name="java.vendor.url" value="https://openjdk.java.net/"/>
    <property name="user.timezone" value="Asia/Dhaka"/>
    <property name="java.vm.specification.version" value="11"/>
    <property name="os.name" value="Windows 10"/>
    <property name="sun.java.launcher" value="SUN_STANDARD"/>
    <property name="user.country" value="US"/>
    <property name="sun.boot.library.path" value="C:\Program Files\Java\jdk-11.0.7\bin"/>
    <property name="sun.java.command" value="C:\Users\Rashed\AppData\Local\Temp\surefire3239193408903814894\surefirebooter17083570972690470951.jar C:\Users\Rashed\AppData\Local\Temp\surefire3239193408903814894 2020-08-14T14-49-41_022-jvmRun1 surefire16725924370245487125tmp surefire_03141998117208362131tmp"/>
    <property name="jdk.debug" value="release"/>
    <property name="surefire.test.class.path" value="C:\Users\Rashed\source\AutomationWithJava\javaProjects\EasterBunnyCard\target\test-classes;C:\Users\Rashed\source\AutomationWithJava\javaProjects\EasterBunnyCard\target\classes;C:\Users\Rashed\.m2\repository\io\cucumber\cucumber-java\6.4.0\cucumber-java-6.4.0.jar;C:\Users\Rashed\.m2\repository\io\cucumber\cucumber-core\6.4.0\cucumber-core-6.4.0.jar;C:\Users\Rashed\.m2\repository\io\cucumber\cucumber-gherkin\6.4.0\cucumber-gherkin-6.4.0.jar;C:\Users\Rashed\.m2\repository\io\cucumber\cucumber-gherkin-messages\6.4.0\cucumber-gherkin-messages-6.4.0.jar;C:\Users\Rashed\.m2\repository\io\cucumber\messages\12.4.0\messages-12.4.0.jar;C:\Users\Rashed\.m2\repository\io\cucumber\tag-expressions\3.0.0\tag-expressions-3.0.0.jar;C:\Users\Rashed\.m2\repository\io\cucumber\cucumber-expressions\10.2.2\cucumber-expressions-10.2.2.jar;C:\Users\Rashed\.m2\repository\io\cucumber\datatable\3.3.1\datatable-3.3.1.jar;C:\Users\Rashed\.m2\repository\io\cucumber\cucumber-plugin\6.4.0\cucumber-plugin-6.4.0.jar;C:\Users\Rashed\.m2\repository\io\cucumber\docstring\6.4.0\docstring-6.4.0.jar;C:\Users\Rashed\.m2\repository\io\cucumber\html-formatter\7.2.0\html-formatter-7.2.0.jar;C:\Users\Rashed\.m2\repository\io\cucumber\create-meta\1.1.0\create-meta-1.1.0.jar;C:\Users\Rashed\.m2\repository\org\apiguardian\apiguardian-api\1.1.0\apiguardian-api-1.1.0.jar;C:\Users\Rashed\.m2\repository\io\cucumber\cucumber-testng\6.4.0\cucumber-testng-6.4.0.jar;C:\Users\Rashed\.m2\repository\io\cucumber\cucumber-picocontainer\6.4.0\cucumber-picocontainer-6.4.0.jar;C:\Users\Rashed\.m2\repository\org\picocontainer\picocontainer\2.15\picocontainer-2.15.jar;C:\Users\Rashed\.m2\repository\org\testng\testng\7.3.0\testng-7.3.0.jar;C:\Users\Rashed\.m2\repository\com\beust\jcommander\1.78\jcommander-1.78.jar;C:\Users\Rashed\.m2\repository\org\apache\ant\ant\1.10.3\ant-1.10.3.jar;C:\Users\Rashed\.m2\repository\org\apache\ant\ant-launcher\1.10.3\ant-launcher-1.10.3.jar;C:\Users\Rashed\.m2\repository\junit\junit\4.12\junit-4.12.jar;C:\Users\Rashed\.m2\repository\org\hamcrest\hamcrest-core\1.3\hamcrest-core-1.3.jar;C:\Users\Rashed\.m2\repository\com\google\inject\guice\4.2.2\guice-4.2.2-no_aop.jar;C:\Users\Rashed\.m2\repository\javax\inject\javax.inject\1\javax.inject-1.jar;C:\Users\Rashed\.m2\repository\aopalliance\aopalliance\1.0\aopalliance-1.0.jar;C:\Users\Rashed\.m2\repository\org\yaml\snakeyaml\1.21\snakeyaml-1.21.jar;C:\Users\Rashed\.m2\repository\org\seleniumhq\selenium\selenium-java\3.141.59\selenium-java-3.141.59.jar;C:\Users\Rashed\.m2\repository\org\seleniumhq\selenium\selenium-api\3.141.59\selenium-api-3.141.59.jar;C:\Users\Rashed\.m2\repository\org\seleniumhq\selenium\selenium-chrome-driver\3.141.59\selenium-chrome-driver-3.141.59.jar;C:\Users\Rashed\.m2\repository\org\seleniumhq\selenium\selenium-edge-driver\3.141.59\selenium-edge-driver-3.141.59.jar;C:\Users\Rashed\.m2\repository\org\seleniumhq\selenium\selenium-firefox-driver\3.141.59\selenium-firefox-driver-3.141.59.jar;C:\Users\Rashed\.m2\repository\org\seleniumhq\selenium\selenium-ie-driver\3.141.59\selenium-ie-driver-3.141.59.jar;C:\Users\Rashed\.m2\repository\org\seleniumhq\selenium\selenium-opera-driver\3.141.59\selenium-opera-driver-3.141.59.jar;C:\Users\Rashed\.m2\repository\org\seleniumhq\selenium\selenium-remote-driver\3.141.59\selenium-remote-driver-3.141.59.jar;C:\Users\Rashed\.m2\repository\org\seleniumhq\selenium\selenium-safari-driver\3.141.59\selenium-safari-driver-3.141.59.jar;C:\Users\Rashed\.m2\repository\org\seleniumhq\selenium\selenium-support\3.141.59\selenium-support-3.141.59.jar;C:\Users\Rashed\.m2\repository\net\bytebuddy\byte-buddy\1.8.15\byte-buddy-1.8.15.jar;C:\Users\Rashed\.m2\repository\org\apache\commons\commons-exec\1.3\commons-exec-1.3.jar;C:\Users\Rashed\.m2\repository\com\google\guava\guava\25.0-jre\guava-25.0-jre.jar;C:\Users\Rashed\.m2\repository\com\google\code\findbugs\jsr305\1.3.9\jsr305-1.3.9.jar;C:\Users\Rashed\.m2\repository\org\checkerframework\checker-compat-qual\2.0.0\checker-compat-qual-2.0.0.jar;C:\Users\Rashed\.m2\repository\com\google\errorprone\error_prone_annotations\2.1.3\error_prone_annotations-2.1.3.jar;C:\Users\Rashed\.m2\repository\com\google\j2objc\j2objc-annotations\1.1\j2objc-annotations-1.1.jar;C:\Users\Rashed\.m2\repository\org\codehaus\mojo\animal-sniffer-annotations\1.14\animal-sniffer-annotations-1.14.jar;C:\Users\Rashed\.m2\repository\com\squareup\okhttp3\okhttp\3.11.0\okhttp-3.11.0.jar;C:\Users\Rashed\.m2\repository\com\squareup\okio\okio\1.14.0\okio-1.14.0.jar;"/>
    <property name="sun.cpu.endian" value="little"/>
    <property name="user.home" value="C:\Users\Rashed"/>
    <property name="user.language" value="en"/>
    <property name="java.specification.vendor" value="Oracle Corporation"/>
    <property name="java.version.date" value="2020-04-14"/>
    <property name="java.home" value="C:\Program Files\Java\jdk-11.0.7"/>
    <property name="file.separator" value="\"/>
    <property name="basedir" value="C:\Users\Rashed\source\AutomationWithJava\javaProjects\EasterBunnyCard"/>
    <property name="java.vm.compressedOopsMode" value="32-bit"/>
    <property name="line.separator" value="&#10;"/>
    <property name="java.specification.name" value="Java Platform API Specification"/>
    <property name="java.vm.specification.vendor" value="Oracle Corporation"/>
    <property name="java.awt.graphicsenv" value="sun.awt.Win32GraphicsEnvironment"/>
    <property name="surefire.real.class.path" value="C:\Users\Rashed\AppData\Local\Temp\surefire3239193408903814894\surefirebooter17083570972690470951.jar"/>
    <property name="user.script" value=""/>
    <property name="sun.management.compiler" value="HotSpot 64-Bit Tiered Compilers"/>
    <property name="java.runtime.version" value="11.0.7+8-LTS"/>
    <property name="user.name" value="Rashed"/>
    <property name="path.separator" value=";"/>
    <property name="os.version" value="10.0"/>
    <property name="java.runtime.name" value="Java(TM) SE Runtime Environment"/>
    <property name="file.encoding" value="Cp1252"/>
    <property name="java.vm.name" value="Java HotSpot(TM) 64-Bit Server VM"/>
    <property name="java.vendor.version" value="18.9"/>
    <property name="localRepository" value="C:\Users\Rashed\.m2\repository"/>
    <property name="java.vendor.url.bug" value="https://bugreport.java.com/bugreport/"/>
    <property name="java.io.tmpdir" value="C:\Users\Rashed\AppData\Local\Temp\"/>
    <property name="idea.version" value="2020.2"/>
    <property name="java.version" value="11.0.7"/>
    <property name="user.dir" value="C:\Users\Rashed\source\AutomationWithJava\javaProjects\EasterBunnyCard"/>
    <property name="os.arch" value="amd64"/>
    <property name="java.vm.specification.name" value="Java Virtual Machine Specification"/>
    <property name="java.awt.printerjob" value="sun.awt.windows.WPrinterJob"/>
    <property name="sun.os.patch.level" value=""/>
    <property name="java.library.path" value="C:\Program Files\Java\jdk-11.0.7\bin;C:\WINDOWS\Sun\Java\bin;C:\WINDOWS\system32;C:\WINDOWS;C:\WINDOWS\system32;C:\WINDOWS;C:\WINDOWS\System32\Wbem;C:\WINDOWS\System32\WindowsPowerShell\v1.0\;C:\Program Files\Git\cmd;C:\Program Files\Git\mingw64\bin;C:\Program Files\Git\usr\bin;C:\Program Files\dotnet\;C:\Program Files\Microsoft SQL Server\130\Tools\Binn\;C:\Program Files\Microsoft SQL Server\Client SDK\ODBC\170\Tools\Binn\;C:\WINDOWS\System32\OpenSSH\;C:\Program Files\Java\jdk-11.0.7\bin;C:\Users\Rashed\source\AutomationWithJava\prerequisite\apache-maven-3.6.3-bin\apache-maven-3.6.3\bin;C:\Program Files\nodejs\;C:\Users\Rashed\AppData\Local\Microsoft\WindowsApps;;C:\Users\Rashed\AppData\Local\Programs\Microsoft VS Code\bin;C:\Users\Rashed\AppData\Roaming\npm;."/>
    <property name="java.vendor" value="Oracle Corporation"/>
    <property name="java.vm.info" value="mixed mode"/>
    <property name="java.vm.version" value="11.0.7+8-LTS"/>
    <property name="sun.io.unicode.encoding" value="UnicodeLittle"/>
    <property name="java.class.version" value="55.0"/>
  </properties>
  <testcase name="runScenario[&quot;Verify that user can register a new account by using signup form&quot;, &quot;Optional[As a new user, I can register a new account]&quot;](1)" classname="com.ebc.runner.TestRunner" time="30.606">
    <system-out><![CDATA[test ng onStart
]]></system-out>
    <system-err><![CDATA[Starting ChromeDriver 83.0.4103.39 (ccbf011cb2d2b19b506d844400483861342c20cd-refs/branch-heads/4103@{#416}) on port 41412
Only local connections are allowed.
Please see https://chromedriver.chromium.org/security-considerations for suggestions on keeping ChromeDriver safe.
ChromeDriver was started successfully.
[1597394986.140][WARNING]: This version of ChromeDriver has not been tested with Chrome version 84.
Aug 14, 2020 2:49:48 PM org.openqa.selenium.remote.ProtocolHandshake createSession
INFO: Detected dialect: W3C
]]></system-err>
  </testcase>
  <testcase name="runScenario[&quot;This is test scenario&quot;, &quot;Optional[As a user, I can login with the valid credential]&quot;](2)" classname="com.ebc.runner.TestRunner" time="29.322">
    <failure message="Login button name mismatch, Expected: Log Out Actual: LOG IN expected [true] but found [false]" type="java.lang.AssertionError"><![CDATA[java.lang.AssertionError: Login button name mismatch, Expected: Log Out Actual: LOG IN expected [true] but found [false]
]]></failure>
    <system-err><![CDATA[Starting ChromeDriver 83.0.4103.39 (ccbf011cb2d2b19b506d844400483861342c20cd-refs/branch-heads/4103@{#416}) on port 36582
Only local connections are allowed.
Please see https://chromedriver.chromium.org/security-considerations for suggestions on keeping ChromeDriver safe.
ChromeDriver was started successfully.
[1597395015.754][WARNING]: This version of ChromeDriver has not been tested with Chrome version 84.
Aug 14, 2020 2:50:17 PM org.openqa.selenium.remote.ProtocolHandshake createSession
INFO: Detected dialect: W3C
]]></system-err>
  </testcase>
</testsuite>